[1009/143558.539:ERROR:directory_reader_win.cc(43)] FindFirstFile: The system cannot find the path specified. (0x3)
[1009/145220.382:ERROR:directory_reader_win.cc(43)] FindFirstFile: The system cannot find the path specified. (0x3)
[1010/145220.531:ERROR:directory_reader_win.cc(43)] FindFirstFile: The system cannot find the path specified. (0x3)
[1010/145220.572:ERROR:filesystem_win.cc(129)] GetFileAttributes C:\Users\00103098\AppData\Local\Google\Chrome\User Data\Crashpad\attachments\2f95fa7b-904b-4fe5-ae01-7bd58bb143f2: The system cannot find the path specified. (0x3)
[1010/145220.586:ERROR:filesystem_win.cc(129)] GetFileAttributes C:\Users\00103098\AppData\Local\Google\Chrome\User Data\Crashpad\attachments\8a01d53d-71f9-469a-932f-3fb3bcbc0376: The system cannot find the path specified. (0x3)
[1010/145220.601:ERROR:filesystem_win.cc(129)] GetFileAttributes C:\Users\00103098\AppData\Local\Google\Chrome\User Data\Crashpad\attachments\ac57b719-0f87-4eb5-93b0-4b1d42bb56f1: The system cannot find the path specified. (0x3)
[1010/145220.614:ERROR:filesystem_win.cc(129)] GetFileAttributes C:\Users\00103098\AppData\Local\Google\Chrome\User Data\Crashpad\attachments\b0054e85-8af2-4e8b-b906-76fed394e9e1: The system cannot find the path specified. (0x3)
[1010/145220.628:ERROR:filesystem_win.cc(129)] GetFileAttributes C:\Users\00103098\AppData\Local\Google\Chrome\User Data\Crashpad\attachments\a452d74d-99d0-4fb1-9296-6179b887204e: The system cannot find the path specified. (0x3)
[1010/145220.642:ERROR:filesystem_win.cc(129)] GetFileAttributes C:\Users\00103098\AppData\Local\Google\Chrome\User Data\Crashpad\attachments\e2b891b8-628f-4f83-9b19-2b92e90b05cb: The system cannot find the path specified. (0x3)
[1010/145220.656:ERROR:filesystem_win.cc(129)] GetFileAttributes C:\Users\00103098\AppData\Local\Google\Chrome\User Data\Crashpad\attachments\e4d7876c-be82-4538-806e-bfe71a57d7e2: The system cannot find the path specified. (0x3)
[1010/145220.669:ERROR:filesystem_win.cc(129)] GetFileAttributes C:\Users\00103098\AppData\Local\Google\Chrome\User Data\Crashpad\attachments\c60d298d-bc15-41ca-9da0-1472fb6e3dc1: The system cannot find the path specified. (0x3)
[1010/145220.683:ERROR:filesystem_win.cc(129)] GetFileAttributes C:\Users\00103098\AppData\Local\Google\Chrome\User Data\Crashpad\attachments\c90a4761-8cee-48d1-8e72-f732e961a110: The system cannot find the path specified. (0x3)
[1010/145220.697:ERROR:filesystem_win.cc(129)] GetFileAttributes C:\Users\00103098\AppData\Local\Google\Chrome\User Data\Crashpad\attachments\fce3de2c-73a7-4d82-b59c-25b48e58421d: The system cannot find the path specified. (0x3)
[1010/145220.711:ERROR:filesystem_win.cc(129)] GetFileAttributes C:\Users\00103098\AppData\Local\Google\Chrome\User Data\Crashpad\attachments\2b63906f-e626-4686-81c2-5d000bbb7c02: The system cannot find the path specified. (0x3)
[1010/145220.724:ERROR:filesystem_win.cc(129)] GetFileAttributes C:\Users\00103098\AppData\Local\Google\Chrome\User Data\Crashpad\attachments\272d27ec-5d41-47c6-8e52-7357464f24e1: The system cannot find the path specified. (0x3)
[1010/145220.738:ERROR:filesystem_win.cc(129)] GetFileAttributes C:\Users\00103098\AppData\Local\Google\Chrome\User Data\Crashpad\attachments\c350058a-8744-43c1-bc6f-d4901f9790af: The system cannot find the path specified. (0x3)
[1010/145220.752:ERROR:filesystem_win.cc(129)] GetFileAttributes C:\Users\00103098\AppData\Local\Google\Chrome\User Data\Crashpad\attachments\71b37cf3-5826-4e8e-87fe-61ca4443e263: The system cannot find the path specified. (0x3)
[1010/145220.768:ERROR:filesystem_win.cc(129)] GetFileAttributes C:\Users\00103098\AppData\Local\Google\Chrome\User Data\Crashpad\attachments\ce5e05ba-e941-45e7-951e-7ca7c3ecbcc1: The system cannot find the path specified. (0x3)
[1010/145220.782:ERROR:filesystem_win.cc(129)] GetFileAttributes C:\Users\00103098\AppData\Local\Google\Chrome\User Data\Crashpad\attachments\b7130955-29f8-49d8-b807-30098f4047b0: The system cannot find the path specified. (0x3)
[1010/145220.797:ERROR:filesystem_win.cc(129)] GetFileAttributes C:\Users\00103098\AppData\Local\Google\Chrome\User Data\Crashpad\attachments\44399f65-bd2a-45f1-8cd2-a62d1aca34fc: The system cannot find the path specified. (0x3)
[1010/145220.811:ERROR:filesystem_win.cc(129)] GetFileAttributes C:\Users\00103098\AppData\Local\Google\Chrome\User Data\Crashpad\attachments\50bda5ab-6f74-4d8f-96cb-4266789b2d7c: The system cannot find the path specified. (0x3)
[1010/145220.824:ERROR:filesystem_win.cc(129)] GetFileAttributes C:\Users\00103098\AppData\Local\Google\Chrome\User Data\Crashpad\attachments\c04f1bed-9363-4009-99b3-ec231a0a8d02: The system cannot find the path specified. (0x3)
[1010/145220.837:ERROR:filesystem_win.cc(129)] GetFileAttributes C:\Users\00103098\AppData\Local\Google\Chrome\User Data\Crashpad\attachments\73f7486f-01c2-42c5-a7f0-d342400e78a6: The system cannot find the path specified. (0x3)
[1010/145220.851:ERROR:filesystem_win.cc(129)] GetFileAttributes C:\Users\00103098\AppData\Local\Google\Chrome\User Data\Crashpad\attachments\9899210d-cfde-4793-a9e7-5e4fc73223eb: The system cannot find the path specified. (0x3)
[1010/145220.864:ERROR:filesystem_win.cc(129)] GetFileAttributes C:\Users\00103098\AppData\Local\Google\Chrome\User Data\Crashpad\attachments\90fc2526-bd43-4180-9d87-dced3937a025: The system cannot find the path specified. (0x3)
[1010/145220.878:ERROR:filesystem_win.cc(129)] GetFileAttributes C:\Users\00103098\AppData\Local\Google\Chrome\User Data\Crashpad\attachments\d27322f1-fa87-4edf-8957-306f71b4eec0: The system cannot find the path specified. (0x3)
[1010/145220.891:ERROR:filesystem_win.cc(129)] GetFileAttributes C:\Users\00103098\AppData\Local\Google\Chrome\User Data\Crashpad\attachments\9254458d-94b6-40b2-b109-d6463c415146: The system cannot find the path specified. (0x3)
[1010/145220.904:ERROR:filesystem_win.cc(129)] GetFileAttributes C:\Users\00103098\AppData\Local\Google\Chrome\User Data\Crashpad\attachments\ea12d911-2895-46d3-bae9-3d63433a2f7b: The system cannot find the path specified. (0x3)
[1010/145220.916:ERROR:filesystem_win.cc(129)] GetFileAttributes C:\Users\00103098\AppData\Local\Google\Chrome\User Data\Crashpad\attachments\ed4a40c6-f2a9-4707-b3a8-b69a70855d80: The system cannot find the path specified. (0x3)
[1010/145220.929:ERROR:filesystem_win.cc(129)] GetFileAttributes C:\Users\00103098\AppData\Local\Google\Chrome\User Data\Crashpad\attachments\9909f33d-289b-4ed2-b761-bef031c8bc21: The system cannot find the path specified. (0x3)
[1010/145220.941:ERROR:filesystem_win.cc(129)] GetFileAttributes C:\Users\00103098\AppData\Local\Google\Chrome\User Data\Crashpad\attachments\563c83f6-abfe-4095-a20b-985f3a9f0ed5: The system cannot find the path specified. (0x3)
[1010/145220.954:ERROR:filesystem_win.cc(129)] GetFileAttributes C:\Users\00103098\AppData\Local\Google\Chrome\User Data\Crashpad\attachments\50de0005-aefe-4fc2-853b-981eaa7f0b3f: The system cannot find the path specified. (0x3)
[1010/145220.967:ERROR:filesystem_win.cc(129)] GetFileAttributes C:\Users\00103098\AppData\Local\Google\Chrome\User Data\Crashpad\attachments\2485442f-2350-46b3-9135-3b531e86bf2b: The system cannot find the path specified. (0x3)
[1010/145220.981:ERROR:filesystem_win.cc(129)] GetFileAttributes C:\Users\00103098\AppData\Local\Google\Chrome\User Data\Crashpad\attachments\55985069-37e4-4cf0-bdd3-bd099d1898d9: The system cannot find the path specified. (0x3)
[1010/145220.998:ERROR:filesystem_win.cc(129)] GetFileAttributes C:\Users\00103098\AppData\Local\Google\Chrome\User Data\Crashpad\attachments\71d08c02-b7ca-4e5d-a7d1-84e2913fd856: The system cannot find the path specified. (0x3)
[1010/145221.011:ERROR:filesystem_win.cc(129)] GetFileAttributes C:\Users\00103098\AppData\Local\Google\Chrome\User Data\Crashpad\attachments\2ec09c7f-4b36-425b-9c61-4445b55ed67d: The system cannot find the path specified. (0x3)
[1010/145221.023:ERROR:filesystem_win.cc(129)] GetFileAttributes C:\Users\00103098\AppData\Local\Google\Chrome\User Data\Crashpad\attachments\867ab68b-f2b0-43a8-9973-667b61cafff0: The system cannot find the path specified. (0x3)
[1010/145221.035:ERROR:filesystem_win.cc(129)] GetFileAttributes C:\Users\00103098\AppData\Local\Google\Chrome\User Data\Crashpad\attachments\510960dc-62ff-4098-99a5-0220a79d49ed: The system cannot find the path specified. (0x3)
[1010/145221.048:ERROR:filesystem_win.cc(129)] GetFileAttributes C:\Users\00103098\AppData\Local\Google\Chrome\User Data\Crashpad\attachments\489643cd-f5aa-4ac9-89fd-866563e7864a: The system cannot find the path specified. (0x3)
[1010/145221.060:ERROR:filesystem_win.cc(129)] GetFileAttributes C:\Users\00103098\AppData\Local\Google\Chrome\User Data\Crashpad\attachments\7643dd94-58ce-48f7-a381-85227890b425: The system cannot find the path specified. (0x3)
[1010/145221.073:ERROR:filesystem_win.cc(129)] GetFileAttributes C:\Users\00103098\AppData\Local\Google\Chrome\User Data\Crashpad\attachments\8759c0cc-673c-41fd-b1c0-18cefb4dfa92: The system cannot find the path specified. (0x3)
[1010/145221.085:ERROR:filesystem_win.cc(129)] GetFileAttributes C:\Users\00103098\AppData\Local\Google\Chrome\User Data\Crashpad\attachments\4edc113d-5365-42a7-af3e-d43bde3d4d3d: The system cannot find the path specified. (0x3)
[1010/145221.098:ERROR:filesystem_win.cc(129)] GetFileAttributes C:\Users\00103098\AppData\Local\Google\Chrome\User Data\Crashpad\attachments\142adaf1-fc7a-4ba9-90bc-963ef68ec1b4: The system cannot find the path specified. (0x3)
[1010/145221.110:ERROR:filesystem_win.cc(129)] GetFileAttributes C:\Users\00103098\AppData\Local\Google\Chrome\User Data\Crashpad\attachments\0cc01191-6fe3-4f0c-998f-c24774ebc732: The system cannot find the path specified. (0x3)
[1010/145221.122:ERROR:filesystem_win.cc(129)] GetFileAttributes C:\Users\00103098\AppData\Local\Google\Chrome\User Data\Crashpad\attachments\7c31741c-5359-4c1a-b93e-201d3adf33bc: The system cannot find the path specified. (0x3)
[1010/145221.133:ERROR:filesystem_win.cc(129)] GetFileAttributes C:\Users\00103098\AppData\Local\Google\Chrome\User Data\Crashpad\attachments\804a635d-3405-4036-94b5-a02bccca2eb2: The system cannot find the path specified. (0x3)
[1010/145221.146:ERROR:filesystem_win.cc(129)] GetFileAttributes C:\Users\00103098\AppData\Local\Google\Chrome\User Data\Crashpad\attachments\dc4a358b-9cd4-40cd-98b5-8618e1d7c60f: The system cannot find the path specified. (0x3)
[1010/145221.158:ERROR:filesystem_win.cc(129)] GetFileAttributes C:\Users\00103098\AppData\Local\Google\Chrome\User Data\Crashpad\attachments\d38e26dc-5086-4e7c-a671-c6a9f4f689ca: The system cannot find the path specified. (0x3)
[1010/145221.169:ERROR:filesystem_win.cc(129)] GetFileAttributes C:\Users\00103098\AppData\Local\Google\Chrome\User Data\Crashpad\attachments\77b7fbee-0b04-4ab9-901e-78882f4f07e0: The system cannot find the path specified. (0x3)
[1010/145221.181:ERROR:filesystem_win.cc(129)] GetFileAttributes C:\Users\00103098\AppData\Local\Google\Chrome\User Data\Crashpad\attachments\e48aa43f-d2e9-4bf3-afa0-95f9cd46bf28: The system cannot find the path specified. (0x3)
[1010/145221.193:ERROR:filesystem_win.cc(129)] GetFileAttributes C:\Users\00103098\AppData\Local\Google\Chrome\User Data\Crashpad\attachments\ec79ebd5-82e9-4a78-8e37-9f4f068543d8: The system cannot find the path specified. (0x3)
[1010/145221.206:ERROR:filesystem_win.cc(129)] GetFileAttributes C:\Users\00103098\AppData\Local\Google\Chrome\User Data\Crashpad\attachments\3a8c3f2f-80e7-4bfa-911b-f7940ac8b097: The system cannot find the path specified. (0x3)
[1010/145221.218:ERROR:filesystem_win.cc(129)] GetFileAttributes C:\Users\00103098\AppData\Local\Google\Chrome\User Data\Crashpad\attachments\1fbbd878-dac0-4824-9f57-689f01bbf576: The system cannot find the path specified. (0x3)
[1010/145221.229:ERROR:filesystem_win.cc(129)] GetFileAttributes C:\Users\00103098\AppData\Local\Google\Chrome\User Data\Crashpad\attachments\c9d7197c-e243-4662-84f8-0020d5020613: The system cannot find the path specified. (0x3)
[1010/145221.240:ERROR:filesystem_win.cc(129)] GetFileAttributes C:\Users\00103098\AppData\Local\Google\Chrome\User Data\Crashpad\attachments\d970564b-c3d3-4e83-8b4b-b5fb05bb6ef8: The system cannot find the path specified. (0x3)
[1010/145221.252:ERROR:filesystem_win.cc(129)] GetFileAttributes C:\Users\00103098\AppData\Local\Google\Chrome\User Data\Crashpad\attachments\f728982f-81af-42ce-a952-b99c2e9b3761: The system cannot find the path specified. (0x3)
[1010/145221.264:ERROR:filesystem_win.cc(129)] GetFileAttributes C:\Users\00103098\AppData\Local\Google\Chrome\User Data\Crashpad\attachments\e2c591fc-bf6b-417e-ba98-32b2c739ade8: The system cannot find the path specified. (0x3)
[1010/145221.277:ERROR:filesystem_win.cc(129)] GetFileAttributes C:\Users\00103098\AppData\Local\Google\Chrome\User Data\Crashpad\attachments\82239a5f-8348-4f84-87f1-944ce37ed3a8: The system cannot find the path specified. (0x3)
[1010/145221.289:ERROR:filesystem_win.cc(129)] GetFileAttributes C:\Users\00103098\AppData\Local\Google\Chrome\User Data\Crashpad\attachments\aca18b8d-1f4e-40c7-99d7-d912eb4a34b6: The system cannot find the path specified. (0x3)
[1010/145221.301:ERROR:filesystem_win.cc(129)] GetFileAttributes C:\Users\00103098\AppData\Local\Google\Chrome\User Data\Crashpad\attachments\80e24103-2c17-48ee-85c4-5b7b039dc34f: The system cannot find the path specified. (0x3)
[1010/145221.312:ERROR:filesystem_win.cc(129)] GetFileAttributes C:\Users\00103098\AppData\Local\Google\Chrome\User Data\Crashpad\attachments\3f795283-9cab-4f40-abdd-a8186046089a: The system cannot find the path specified. (0x3)
[1010/145221.324:ERROR:filesystem_win.cc(129)] GetFileAttributes C:\Users\00103098\AppData\Local\Google\Chrome\User Data\Crashpad\attachments\1c06d6b9-af01-4198-9739-6e87298c0316: The system cannot find the path specified. (0x3)
[1010/145221.334:ERROR:filesystem_win.cc(129)] GetFileAttributes C:\Users\00103098\AppData\Local\Google\Chrome\User Data\Crashpad\attachments\982a3531-4a6e-4f50-8000-4972e58a6427: The system cannot find the path specified. (0x3)
[1010/145221.346:ERROR:filesystem_win.cc(129)] GetFileAttributes C:\Users\00103098\AppData\Local\Google\Chrome\User Data\Crashpad\attachments\ee4364b1-b529-48ef-a70e-550814866f5b: The system cannot find the path specified. (0x3)
[1010/145221.357:ERROR:filesystem_win.cc(129)] GetFileAttributes C:\Users\00103098\AppData\Local\Google\Chrome\User Data\Crashpad\attachments\7e573da5-39d8-4f8a-b66d-dac938d62a5e: The system cannot find the path specified. (0x3)
[1010/145221.369:ERROR:filesystem_win.cc(129)] GetFileAttributes C:\Users\00103098\AppData\Local\Google\Chrome\User Data\Crashpad\attachments\79feb20b-df18-4ef8-aefa-ad1e7cf95c78: The system cannot find the path specified. (0x3)
[1010/145221.380:ERROR:filesystem_win.cc(129)] GetFileAttributes C:\Users\00103098\AppData\Local\Google\Chrome\User Data\Crashpad\attachments\c6d6389e-d4c2-4c64-9fcd-715536265cf7: The system cannot find the path specified. (0x3)
[1010/145221.391:ERROR:filesystem_win.cc(129)] GetFileAttributes C:\Users\00103098\AppData\Local\Google\Chrome\User Data\Crashpad\attachments\e2acfb65-7be0-44a8-8dfa-0105161c43b6: The system cannot find the path specified. (0x3)
[1010/145221.402:ERROR:filesystem_win.cc(129)] GetFileAttributes C:\Users\00103098\AppData\Local\Google\Chrome\User Data\Crashpad\attachments\6e660249-1c3b-4d7e-a45f-00132d26e880: The system cannot find the path specified. (0x3)
[1010/145221.412:ERROR:filesystem_win.cc(129)] GetFileAttributes C:\Users\00103098\AppData\Local\Google\Chrome\User Data\Crashpad\attachments\6e225fc0-b30d-4b32-b29e-84f21aed4836: The system cannot find the path specified. (0x3)
[1010/145221.423:ERROR:filesystem_win.cc(129)] GetFileAttributes C:\Users\00103098\AppData\Local\Google\Chrome\User Data\Crashpad\attachments\5d30bc0d-d080-45a0-871b-1103154932d8: The system cannot find the path specified. (0x3)
[1010/145221.434:ERROR:filesystem_win.cc(129)] GetFileAttributes C:\Users\00103098\AppData\Local\Google\Chrome\User Data\Crashpad\attachments\f2fd695c-d889-4277-acd6-867be4df5953: The system cannot find the path specified. (0x3)
[1010/145221.444:ERROR:filesystem_win.cc(129)] GetFileAttributes C:\Users\00103098\AppData\Local\Google\Chrome\User Data\Crashpad\attachments\91a72684-23c8-4b3c-9e3f-6ef241b89681: The system cannot find the path specified. (0x3)
[1010/145221.455:ERROR:filesystem_win.cc(129)] GetFileAttributes C:\Users\00103098\AppData\Local\Google\Chrome\User Data\Crashpad\attachments\0b874611-37aa-4395-b8f2-31d1a8a353be: The system cannot find the path specified. (0x3)
[1010/145221.467:ERROR:filesystem_win.cc(129)] GetFileAttributes C:\Users\00103098\AppData\Local\Google\Chrome\User Data\Crashpad\attachments\daa4f8db-4190-4528-ba73-b5cc5648588b: The system cannot find the path specified. (0x3)
[1010/145221.481:ERROR:filesystem_win.cc(129)] GetFileAttributes C:\Users\00103098\AppData\Local\Google\Chrome\User Data\Crashpad\attachments\f3546445-2607-4efc-80c2-4ccb67971c41: The system cannot find the path specified. (0x3)
[1010/145221.492:ERROR:filesystem_win.cc(129)] GetFileAttributes C:\Users\00103098\AppData\Local\Google\Chrome\User Data\Crashpad\attachments\177ff7a6-5979-4e61-ab47-e07fe8973a9d: The system cannot find the path specified. (0x3)
[1010/145221.502:ERROR:filesystem_win.cc(129)] GetFileAttributes C:\Users\00103098\AppData\Local\Google\Chrome\User Data\Crashpad\attachments\19a3e4a4-ec7a-49dc-8b3d-bd319edb96f3: The system cannot find the path specified. (0x3)
[1010/145221.512:ERROR:filesystem_win.cc(129)] GetFileAttributes C:\Users\00103098\AppData\Local\Google\Chrome\User Data\Crashpad\attachments\709606b0-2441-49da-8d3b-73208eb1a164: The system cannot find the path specified. (0x3)
[1010/145221.523:ERROR:filesystem_win.cc(129)] GetFileAttributes C:\Users\00103098\AppData\Local\Google\Chrome\User Data\Crashpad\attachments\f393c63a-7f86-4bfb-a9ed-9e19fd7af579: The system cannot find the path specified. (0x3)
[1010/145221.533:ERROR:filesystem_win.cc(129)] GetFileAttributes C:\Users\00103098\AppData\Local\Google\Chrome\User Data\Crashpad\attachments\81bc5abb-d40f-4c55-9d79-452b37248b11: The system cannot find the path specified. (0x3)
[1010/145221.544:ERROR:filesystem_win.cc(129)] GetFileAttributes C:\Users\00103098\AppData\Local\Google\Chrome\User Data\Crashpad\attachments\524f7832-146b-48b8-a114-630ce003fb52: The system cannot find the path specified. (0x3)
[1010/145221.556:ERROR:filesystem_win.cc(129)] GetFileAttributes C:\Users\00103098\AppData\Local\Google\Chrome\User Data\Crashpad\attachments\f979a80d-54ed-41ad-9612-e08b07e9be8f: The system cannot find the path specified. (0x3)
[1010/145221.568:ERROR:filesystem_win.cc(129)] GetFileAttributes C:\Users\00103098\AppData\Local\Google\Chrome\User Data\Crashpad\attachments\fb1f549e-36cd-4040-83ab-0871f93769bb: The system cannot find the path specified. (0x3)
[1010/145221.578:ERROR:filesystem_win.cc(129)] GetFileAttributes C:\Users\00103098\AppData\Local\Google\Chrome\User Data\Crashpad\attachments\f349bae9-322e-409b-ac2a-a7ca9e91d24f: The system cannot find the path specified. (0x3)
[1010/145221.589:ERROR:filesystem_win.cc(129)] GetFileAttributes C:\Users\00103098\AppData\Local\Google\Chrome\User Data\Crashpad\attachments\1b4425d6-9ee8-4e48-946f-c4a237a5c244: The system cannot find the path specified. (0x3)
[1010/145221.599:ERROR:filesystem_win.cc(129)] GetFileAttributes C:\Users\00103098\AppData\Local\Google\Chrome\User Data\Crashpad\attachments\d08f3156-2b60-49db-9919-6f80e465edbd: The system cannot find the path specified. (0x3)
[1010/145221.609:ERROR:filesystem_win.cc(129)] GetFileAttributes C:\Users\00103098\AppData\Local\Google\Chrome\User Data\Crashpad\attachments\0d2dec57-45e2-4dc1-a8e2-0696bbc62840: The system cannot find the path specified. (0x3)
[1010/145221.619:ERROR:filesystem_win.cc(129)] GetFileAttributes C:\Users\00103098\AppData\Local\Google\Chrome\User Data\Crashpad\attachments\326e7f9d-1592-47c6-a764-855b72c9ec87: The system cannot find the path specified. (0x3)
[1010/145221.629:ERROR:filesystem_win.cc(129)] GetFileAttributes C:\Users\00103098\AppData\Local\Google\Chrome\User Data\Crashpad\attachments\35d7d500-633b-473d-886b-dd4c631658b4: The system cannot find the path specified. (0x3)
[1010/145221.638:ERROR:filesystem_win.cc(129)] GetFileAttributes C:\Users\00103098\AppData\Local\Google\Chrome\User Data\Crashpad\attachments\45122d78-edba-4e8b-ac8b-884ab0816b84: The system cannot find the path specified. (0x3)
[1010/145221.649:ERROR:filesystem_win.cc(129)] GetFileAttributes C:\Users\00103098\AppData\Local\Google\Chrome\User Data\Crashpad\attachments\4db7afbc-28d6-43db-8744-5a5f7961f99b: The system cannot find the path specified. (0x3)
[1010/145221.660:ERROR:filesystem_win.cc(129)] GetFileAttributes C:\Users\00103098\AppData\Local\Google\Chrome\User Data\Crashpad\attachments\2ad4b92f-7b44-4b21-ac7f-49aac71a38aa: The system cannot find the path specified. (0x3)
[1010/145221.670:ERROR:filesystem_win.cc(129)] GetFileAttributes C:\Users\00103098\AppData\Local\Google\Chrome\User Data\Crashpad\attachments\f22be3b4-bf11-4206-98cf-b2caa907f2a7: The system cannot find the path specified. (0x3)
[1010/145221.679:ERROR:filesystem_win.cc(129)] GetFileAttributes C:\Users\00103098\AppData\Local\Google\Chrome\User Data\Crashpad\attachments\2795b45d-9562-4491-99d2-b6b6cf243dce: The system cannot find the path specified. (0x3)
[1010/145221.688:ERROR:filesystem_win.cc(129)] GetFileAttributes C:\Users\00103098\AppData\Local\Google\Chrome\User Data\Crashpad\attachments\8bd16d53-e176-4ee0-b04d-12ec1e81e1ae: The system cannot find the path specified. (0x3)
[1010/145221.699:ERROR:filesystem_win.cc(129)] GetFileAttributes C:\Users\00103098\AppData\Local\Google\Chrome\User Data\Crashpad\attachments\3487e0d5-f1ac-473b-81f7-d890c2b7f211: The system cannot find the path specified. (0x3)
[1010/145221.708:ERROR:filesystem_win.cc(129)] GetFileAttributes C:\Users\00103098\AppData\Local\Google\Chrome\User Data\Crashpad\attachments\dd9c1433-5516-4fbf-a6c5-34b3c6445c26: The system cannot find the path specified. (0x3)
[1010/145221.719:ERROR:filesystem_win.cc(129)] GetFileAttributes C:\Users\00103098\AppData\Local\Google\Chrome\User Data\Crashpad\attachments\0b16cc1d-7552-4def-9a60-bd3ca01d78ac: The system cannot find the path specified. (0x3)
[1010/145221.729:ERROR:filesystem_win.cc(129)] GetFileAttributes C:\Users\00103098\AppData\Local\Google\Chrome\User Data\Crashpad\attachments\7114b5f9-e6dd-483e-9b03-40a9b5a7dafd: The system cannot find the path specified. (0x3)
[1010/145221.738:ERROR:filesystem_win.cc(129)] GetFileAttributes C:\Users\00103098\AppData\Local\Google\Chrome\User Data\Crashpad\attachments\e6646874-46b1-4dd5-b0e4-28368a63fab1: The system cannot find the path specified. (0x3)
[1010/145221.749:ERROR:filesystem_win.cc(129)] GetFileAttributes C:\Users\00103098\AppData\Local\Google\Chrome\User Data\Crashpad\attachments\8376be29-2314-4f07-afd0-a5e13401f989: The system cannot find the path specified. (0x3)
[1010/145221.760:ERROR:filesystem_win.cc(129)] GetFileAttributes C:\Users\00103098\AppData\Local\Google\Chrome\User Data\Crashpad\attachments\c34f3a7d-7b62-4c37-9a8f-347b77fab49c: The system cannot find the path specified. (0x3)
[1010/145221.769:ERROR:filesystem_win.cc(129)] GetFileAttributes C:\Users\00103098\AppData\Local\Google\Chrome\User Data\Crashpad\attachments\340f8d49-29e7-4435-9e66-aab550a66d8b: The system cannot find the path specified. (0x3)
[1010/145221.778:ERROR:filesystem_win.cc(129)] GetFileAttributes C:\Users\00103098\AppData\Local\Google\Chrome\User Data\Crashpad\attachments\a1aedbff-41f6-4c6f-bb37-bd617ad3ba07: The system cannot find the path specified. (0x3)
[1010/145221.788:ERROR:filesystem_win.cc(129)] GetFileAttributes C:\Users\00103098\AppData\Local\Google\Chrome\User Data\Crashpad\attachments\e6fc9d9b-a8ba-49cc-8847-8922c58ef580: The system cannot find the path specified. (0x3)
[1010/145221.797:ERROR:filesystem_win.cc(129)] GetFileAttributes C:\Users\00103098\AppData\Local\Google\Chrome\User Data\Crashpad\attachments\c58d51dd-c9fe-4344-a2ea-e2b157ca7ec6: The system cannot find the path specified. (0x3)
[1010/145221.807:ERROR:filesystem_win.cc(129)] GetFileAttributes C:\Users\00103098\AppData\Local\Google\Chrome\User Data\Crashpad\attachments\d8d5eb49-ce0d-4a4e-8888-575496c994ce: The system cannot find the path specified. (0x3)
[1010/145221.815:ERROR:filesystem_win.cc(129)] GetFileAttributes C:\Users\00103098\AppData\Local\Google\Chrome\User Data\Crashpad\attachments\c12f55d7-1c85-44b3-af78-89ba83d201d6: The system cannot find the path specified. (0x3)
[1010/145221.824:ERROR:filesystem_win.cc(129)] GetFileAttributes C:\Users\00103098\AppData\Local\Google\Chrome\User Data\Crashpad\attachments\9c2f6139-432a-48b3-a397-1c839cca8753: The system cannot find the path specified. (0x3)
[1010/145221.832:ERROR:filesystem_win.cc(129)] GetFileAttributes C:\Users\00103098\AppData\Local\Google\Chrome\User Data\Crashpad\attachments\348e578c-c9c9-43eb-bf2b-284c120c7b73: The system cannot find the path specified. (0x3)
[1010/145221.842:ERROR:filesystem_win.cc(129)] GetFileAttributes C:\Users\00103098\AppData\Local\Google\Chrome\User Data\Crashpad\attachments\414723df-48f3-4c02-8eae-f12b992db10f: The system cannot find the path specified. (0x3)
[1010/145221.851:ERROR:filesystem_win.cc(129)] GetFileAttributes C:\Users\00103098\AppData\Local\Google\Chrome\User Data\Crashpad\attachments\9b1a0604-85a6-4958-95fc-dcaf3512e591: The system cannot find the path specified. (0x3)
[1010/145221.859:ERROR:filesystem_win.cc(129)] GetFileAttributes C:\Users\00103098\AppData\Local\Google\Chrome\User Data\Crashpad\attachments\765c0d4f-ba30-4569-ac97-5e599aefbac4: The system cannot find the path specified. (0x3)
[1010/145221.870:ERROR:filesystem_win.cc(129)] GetFileAttributes C:\Users\00103098\AppData\Local\Google\Chrome\User Data\Crashpad\attachments\d965f686-b629-4fcd-9124-14e25cd95ddf: The system cannot find the path specified. (0x3)
[1010/145221.879:ERROR:filesystem_win.cc(129)] GetFileAttributes C:\Users\00103098\AppData\Local\Google\Chrome\User Data\Crashpad\attachments\cd24eb44-c0e4-48a5-97f5-7838cf680dda: The system cannot find the path specified. (0x3)
[1010/145221.887:ERROR:filesystem_win.cc(129)] GetFileAttributes C:\Users\00103098\AppData\Local\Google\Chrome\User Data\Crashpad\attachments\d4eb94ea-c5d2-4cdc-80a2-c9d14b250fea: The system cannot find the path specified. (0x3)
[1010/145221.896:ERROR:filesystem_win.cc(129)] GetFileAttributes C:\Users\00103098\AppData\Local\Google\Chrome\User Data\Crashpad\attachments\16258e3b-dc9f-4879-a34f-64f18ac397c3: The system cannot find the path specified. (0x3)
[1010/145221.905:ERROR:filesystem_win.cc(129)] GetFileAttributes C:\Users\00103098\AppData\Local\Google\Chrome\User Data\Crashpad\attachments\ec908872-da6d-4482-bd65-f598c38bcaa5: The system cannot find the path specified. (0x3)
[1010/145221.914:ERROR:filesystem_win.cc(129)] GetFileAttributes C:\Users\00103098\AppData\Local\Google\Chrome\User Data\Crashpad\attachments\5def5edb-6819-4c02-878b-55158cd76ccb: The system cannot find the path specified. (0x3)
[1010/145221.922:ERROR:filesystem_win.cc(129)] GetFileAttributes C:\Users\00103098\AppData\Local\Google\Chrome\User Data\Crashpad\attachments\30248958-92b8-4584-a4e1-321946cb5624: The system cannot find the path specified. (0x3)
[1010/145221.931:ERROR:filesystem_win.cc(129)] GetFileAttributes C:\Users\00103098\AppData\Local\Google\Chrome\User Data\Crashpad\attachments\49aae644-f601-477b-ad24-c58eff782565: The system cannot find the path specified. (0x3)
[1010/145221.939:ERROR:filesystem_win.cc(129)] GetFileAttributes C:\Users\00103098\AppData\Local\Google\Chrome\User Data\Crashpad\attachments\cedbfd1c-9f41-4674-bdf9-8c29e2dc4d63: The system cannot find the path specified. (0x3)
[1010/145221.947:ERROR:filesystem_win.cc(129)] GetFileAttributes C:\Users\00103098\AppData\Local\Google\Chrome\User Data\Crashpad\attachments\dd58049e-d560-4992-bb3b-2d0825374d2e: The system cannot find the path specified. (0x3)
[1010/145221.956:ERROR:filesystem_win.cc(129)] GetFileAttributes C:\Users\00103098\AppData\Local\Google\Chrome\User Data\Crashpad\attachments\eb6804a9-ce9d-4c14-a0de-f8950ee4aa75: The system cannot find the path specified. (0x3)
[1010/145221.964:ERROR:filesystem_win.cc(129)] GetFileAttributes C:\Users\00103098\AppData\Local\Google\Chrome\User Data\Crashpad\attachments\516778d8-99f5-46b5-a10d-3a77c67c56a5: The system cannot find the path specified. (0x3)
[1010/145221.972:ERROR:filesystem_win.cc(129)] GetFileAttributes C:\Users\00103098\AppData\Local\Google\Chrome\User Data\Crashpad\attachments\b6110bec-7a28-43fb-9b2f-95aafa143662: The system cannot find the path specified. (0x3)
[1010/145221.980:ERROR:filesystem_win.cc(129)] GetFileAttributes C:\Users\00103098\AppData\Local\Google\Chrome\User Data\Crashpad\attachments\941d4a55-16a6-45d0-940b-dc460a34bbaa: The system cannot find the path specified. (0x3)
[1010/145221.988:ERROR:filesystem_win.cc(129)] GetFileAttributes C:\Users\00103098\AppData\Local\Google\Chrome\User Data\Crashpad\attachments\da62e450-95e2-4928-bd60-4cfd327fea5b: The system cannot find the path specified. (0x3)
[1010/145221.997:ERROR:filesystem_win.cc(129)] GetFileAttributes C:\Users\00103098\AppData\Local\Google\Chrome\User Data\Crashpad\attachments\5546656e-d597-4cac-ab68-193d97397691: The system cannot find the path specified. (0x3)
[1010/145222.005:ERROR:filesystem_win.cc(129)] GetFileAttributes C:\Users\00103098\AppData\Local\Google\Chrome\User Data\Crashpad\attachments\059dd64c-1128-4136-a19b-683b60234257: The system cannot find the path specified. (0x3)
[1010/145222.013:ERROR:filesystem_win.cc(129)] GetFileAttributes C:\Users\00103098\AppData\Local\Google\Chrome\User Data\Crashpad\attachments\ad0addf3-a164-4bce-be45-2e9703fbe466: The system cannot find the path specified. (0x3)
[1010/145222.021:ERROR:filesystem_win.cc(129)] GetFileAttributes C:\Users\00103098\AppData\Local\Google\Chrome\User Data\Crashpad\attachments\877503fb-4c0c-404c-a327-12334666e03b: The system cannot find the path specified. (0x3)
[1010/145222.028:ERROR:filesystem_win.cc(129)] GetFileAttributes C:\Users\00103098\AppData\Local\Google\Chrome\User Data\Crashpad\attachments\ad0a8375-1bf0-471a-965a-f69843090ec8: The system cannot find the path specified. (0x3)
[1010/145222.036:ERROR:filesystem_win.cc(129)] GetFileAttributes C:\Users\00103098\AppData\Local\Google\Chrome\User Data\Crashpad\attachments\01c23131-1e9b-4e7e-ba48-45f7b96a30b4: The system cannot find the path specified. (0x3)
[1010/145222.044:ERROR:filesystem_win.cc(129)] GetFileAttributes C:\Users\00103098\AppData\Local\Google\Chrome\User Data\Crashpad\attachments\5c4f5bb3-82b2-4007-aa83-51697facc8cf: The system cannot find the path specified. (0x3)
[1010/145222.052:ERROR:filesystem_win.cc(129)] GetFileAttributes C:\Users\00103098\AppData\Local\Google\Chrome\User Data\Crashpad\attachments\afb73427-397e-4916-8a3a-2c8f525b44e2: The system cannot find the path specified. (0x3)
[1010/145222.060:ERROR:filesystem_win.cc(129)] GetFileAttributes C:\Users\00103098\AppData\Local\Google\Chrome\User Data\Crashpad\attachments\a0e713f5-8e84-4e56-870a-2ff4778c5491: The system cannot find the path specified. (0x3)
[1010/145222.068:ERROR:filesystem_win.cc(129)] GetFileAttributes C:\Users\00103098\AppData\Local\Google\Chrome\User Data\Crashpad\attachments\796ac2bf-588d-48be-8b07-8a9c85c7e7df: The system cannot find the path specified. (0x3)
[1010/145222.076:ERROR:filesystem_win.cc(129)] GetFileAttributes C:\Users\00103098\AppData\Local\Google\Chrome\User Data\Crashpad\attachments\1f555569-5b5a-47cc-8753-dee01696f504: The system cannot find the path specified. (0x3)
[1010/145222.084:ERROR:filesystem_win.cc(129)] GetFileAttributes C:\Users\00103098\AppData\Local\Google\Chrome\User Data\Crashpad\attachments\7b994d7e-3a58-45da-a714-2acde9832998: The system cannot find the path specified. (0x3)
[1010/145222.091:ERROR:filesystem_win.cc(129)] GetFileAttributes C:\Users\00103098\AppData\Local\Google\Chrome\User Data\Crashpad\attachments\f998bd14-37e0-423f-9741-b02351476790: The system cannot find the path specified. (0x3)
[1010/145222.099:ERROR:filesystem_win.cc(129)] GetFileAttributes C:\Users\00103098\AppData\Local\Google\Chrome\User Data\Crashpad\attachments\299002f2-224c-4c40-a2ef-f93b16590a19: The system cannot find the path specified. (0x3)
[1010/145222.106:ERROR:filesystem_win.cc(129)] GetFileAttributes C:\Users\00103098\AppData\Local\Google\Chrome\User Data\Crashpad\attachments\404f5208-ceaf-4c64-8f58-6bbdf8536d19: The system cannot find the path specified. (0x3)
[1010/145222.113:ERROR:filesystem_win.cc(129)] GetFileAttributes C:\Users\00103098\AppData\Local\Google\Chrome\User Data\Crashpad\attachments\81e2ed3d-8bb0-4e22-8898-f3527d7f0fa7: The system cannot find the path specified. (0x3)
[1010/145222.121:ERROR:filesystem_win.cc(129)] GetFileAttributes C:\Users\00103098\AppData\Local\Google\Chrome\User Data\Crashpad\attachments\7c94bec8-cec3-4cf9-95da-cc765a383a45: The system cannot find the path specified. (0x3)
[1010/145222.128:ERROR:filesystem_win.cc(129)] GetFileAttributes C:\Users\00103098\AppData\Local\Google\Chrome\User Data\Crashpad\attachments\800edb92-0f5b-42d0-b389-07b772864fea: The system cannot find the path specified. (0x3)
[1010/145222.136:ERROR:filesystem_win.cc(129)] GetFileAttributes C:\Users\00103098\AppData\Local\Google\Chrome\User Data\Crashpad\attachments\e6f5f07e-469c-497c-a1cb-349bd9c84baa: The system cannot find the path specified. (0x3)
[1010/145222.143:ERROR:filesystem_win.cc(129)] GetFileAttributes C:\Users\00103098\AppData\Local\Google\Chrome\User Data\Crashpad\attachments\68503529-db6e-424f-8022-1a65fcd8162b: The system cannot find the path specified. (0x3)
[1010/145222.150:ERROR:filesystem_win.cc(129)] GetFileAttributes C:\Users\00103098\AppData\Local\Google\Chrome\User Data\Crashpad\attachments\6d67e248-ab70-4930-b03c-f2d7e716565a: The system cannot find the path specified. (0x3)
[1010/145222.157:ERROR:filesystem_win.cc(129)] GetFileAttributes C:\Users\00103098\AppData\Local\Google\Chrome\User Data\Crashpad\attachments\9865e52a-84cc-4fc1-a76a-d1e81588a115: The system cannot find the path specified. (0x3)
[1010/145222.164:ERROR:filesystem_win.cc(129)] GetFileAttributes C:\Users\00103098\AppData\Local\Google\Chrome\User Data\Crashpad\attachments\b4a29f2e-ede9-41a5-87db-7a78450fdd90: The system cannot find the path specified. (0x3)
[1010/145222.171:ERROR:filesystem_win.cc(129)] GetFileAttributes C:\Users\00103098\AppData\Local\Google\Chrome\User Data\Crashpad\attachments\2dadd199-84a6-46d8-9b68-73a0671444c6: The system cannot find the path specified. (0x3)
[1010/145222.178:ERROR:filesystem_win.cc(129)] GetFileAttributes C:\Users\00103098\AppData\Local\Google\Chrome\User Data\Crashpad\attachments\8f76652a-8a12-4d1e-a13c-aefbf5448706: The system cannot find the path specified. (0x3)
[1010/145222.185:ERROR:filesystem_win.cc(129)] GetFileAttributes C:\Users\00103098\AppData\Local\Google\Chrome\User Data\Crashpad\attachments\bb0f8050-f211-4d80-8153-7c0ceb240a8b: The system cannot find the path specified. (0x3)
[1010/145222.192:ERROR:filesystem_win.cc(129)] GetFileAttributes C:\Users\00103098\AppData\Local\Google\Chrome\User Data\Crashpad\attachments\cbe5c2fd-2424-476b-bdb5-861c927187d3: The system cannot find the path specified. (0x3)
[1010/145222.199:ERROR:filesystem_win.cc(129)] GetFileAttributes C:\Users\00103098\AppData\Local\Google\Chrome\User Data\Crashpad\attachments\9a239e85-3413-4121-9cd7-c4702b16a234: The system cannot find the path specified. (0x3)
[1010/145222.206:ERROR:filesystem_win.cc(129)] GetFileAttributes C:\Users\00103098\AppData\Local\Google\Chrome\User Data\Crashpad\attachments\b18b56e7-0cda-474c-8b51-35c2c9e19d94: The system cannot find the path specified. (0x3)
[1010/145222.211:ERROR:filesystem_win.cc(129)] GetFileAttributes C:\Users\00103098\AppData\Local\Google\Chrome\User Data\Crashpad\attachments\f721a8fc-5aac-472b-89be-aa2ce425844c: The system cannot find the path specified. (0x3)
[1010/145222.217:ERROR:filesystem_win.cc(129)] GetFileAttributes C:\Users\00103098\AppData\Local\Google\Chrome\User Data\Crashpad\attachments\e5f99883-a92d-4a2e-bf7a-2db3840efddf: The system cannot find the path specified. (0x3)
[1010/145222.224:ERROR:filesystem_win.cc(129)] GetFileAttributes C:\Users\00103098\AppData\Local\Google\Chrome\User Data\Crashpad\attachments\144e0fdc-e69e-405a-9623-ccbfdadbb90d: The system cannot find the path specified. (0x3)
[1010/145222.231:ERROR:filesystem_win.cc(129)] GetFileAttributes C:\Users\00103098\AppData\Local\Google\Chrome\User Data\Crashpad\attachments\f13d8c65-d15d-49da-a4a8-b23e7c0e42ab: The system cannot find the path specified. (0x3)
[1010/145222.237:ERROR:filesystem_win.cc(129)] GetFileAttributes C:\Users\00103098\AppData\Local\Google\Chrome\User Data\Crashpad\attachments\b902183f-1fae-4825-a842-b955bff8d78b: The system cannot find the path specified. (0x3)
[1010/145222.244:ERROR:filesystem_win.cc(129)] GetFileAttributes C:\Users\00103098\AppData\Local\Google\Chrome\User Data\Crashpad\attachments\fb61482f-c240-49d8-9bad-d75048a30a44: The system cannot find the path specified. (0x3)
[1010/145222.251:ERROR:filesystem_win.cc(129)] GetFileAttributes C:\Users\00103098\AppData\Local\Google\Chrome\User Data\Crashpad\attachments\e378e3db-1d79-446d-85c6-35f82604a27d: The system cannot find the path specified. (0x3)
[1010/145222.257:ERROR:filesystem_win.cc(129)] GetFileAttributes C:\Users\00103098\AppData\Local\Google\Chrome\User Data\Crashpad\attachments\b6f6430b-ebee-419d-8079-9571b7a21de0: The system cannot find the path specified. (0x3)
[1010/145222.263:ERROR:filesystem_win.cc(129)] GetFileAttributes C:\Users\00103098\AppData\Local\Google\Chrome\User Data\Crashpad\attachments\959df2fe-3511-4ca9-baea-bf31d30761d6: The system cannot find the path specified. (0x3)
[1010/145222.269:ERROR:filesystem_win.cc(129)] GetFileAttributes C:\Users\00103098\AppData\Local\Google\Chrome\User Data\Crashpad\attachments\925ddbb5-89b5-40f5-b3b5-a83353463817: The system cannot find the path specified. (0x3)
[1010/145222.275:ERROR:filesystem_win.cc(129)] GetFileAttributes C:\Users\00103098\AppData\Local\Google\Chrome\User Data\Crashpad\attachments\b5061240-cdc5-4fe8-b78e-388fd96e75a1: The system cannot find the path specified. (0x3)
[1011/145222.514:ERROR:directory_reader_win.cc(43)] FindFirstFile: The system cannot find the path specified. (0x3)
[1011/145222.526:ERROR:filesystem_win.cc(129)] GetFileAttributes C:\Users\00103098\AppData\Local\Google\Chrome\User Data\Crashpad\attachments\884d97c0-9bf7-402c-af44-a3de8f5f93c1: The system cannot find the path specified. (0x3)
[1011/145222.533:ERROR:filesystem_win.cc(129)] GetFileAttributes C:\Users\00103098\AppData\Local\Google\Chrome\User Data\Crashpad\attachments\1059c792-b6e7-484c-b09b-bcc63fa63f89: The system cannot find the path specified. (0x3)
[1011/145222.540:ERROR:filesystem_win.cc(129)] GetFileAttributes C:\Users\00103098\AppData\Local\Google\Chrome\User Data\Crashpad\attachments\68bb2368-f8b6-4189-bf6e-d41cbcd21e25: The system cannot find the path specified. (0x3)
[1011/145222.547:ERROR:filesystem_win.cc(129)] GetFileAttributes C:\Users\00103098\AppData\Local\Google\Chrome\User Data\Crashpad\attachments\b669bf15-4f09-441a-bbcb-20260cd0e4d3: The system cannot find the path specified. (0x3)
[1011/145222.553:ERROR:filesystem_win.cc(129)] GetFileAttributes C:\Users\00103098\AppData\Local\Google\Chrome\User Data\Crashpad\attachments\9fde1d62-a20d-4503-a29a-5d95294f06d2: The system cannot find the path specified. (0x3)
[1011/145222.560:ERROR:filesystem_win.cc(129)] GetFileAttributes C:\Users\00103098\AppData\Local\Google\Chrome\User Data\Crashpad\attachments\f53188b7-3303-40c2-8e5d-0ad97f14fed3: The system cannot find the path specified. (0x3)
[1011/145222.568:ERROR:filesystem_win.cc(129)] GetFileAttributes C:\Users\00103098\AppData\Local\Google\Chrome\User Data\Crashpad\attachments\903fa935-8ad0-4927-8c1b-5b5ac437194e: The system cannot find the path specified. (0x3)
[1011/145222.574:ERROR:filesystem_win.cc(129)] GetFileAttributes C:\Users\00103098\AppData\Local\Google\Chrome\User Data\Crashpad\attachments\0b367133-e74d-44db-9569-fc50a04e4bb3: The system cannot find the path specified. (0x3)
[1011/145222.580:ERROR:filesystem_win.cc(129)] GetFileAttributes C:\Users\00103098\AppData\Local\Google\Chrome\User Data\Crashpad\attachments\03eab2f8-de47-4430-aac4-822b9d104e2e: The system cannot find the path specified. (0x3)
[1011/145222.586:ERROR:filesystem_win.cc(129)] GetFileAttributes C:\Users\00103098\AppData\Local\Google\Chrome\User Data\Crashpad\attachments\fd614070-10c3-4122-a5fc-5539ee12295d: The system cannot find the path specified. (0x3)
[1011/145222.595:ERROR:filesystem_win.cc(129)] GetFileAttributes C:\Users\00103098\AppData\Local\Google\Chrome\User Data\Crashpad\attachments\93f9fae0-a2c7-4af8-9ff0-f258fd803f2b: The system cannot find the path specified. (0x3)
[1011/145222.602:ERROR:filesystem_win.cc(129)] GetFileAttributes C:\Users\00103098\AppData\Local\Google\Chrome\User Data\Crashpad\attachments\cacdd843-5a37-44d8-bdf3-665ac394ed20: The system cannot find the path specified. (0x3)
[1011/145222.608:ERROR:filesystem_win.cc(129)] GetFileAttributes C:\Users\00103098\AppData\Local\Google\Chrome\User Data\Crashpad\attachments\06b1c235-8694-4a36-80c3-3d9e1eb2e92e: The system cannot find the path specified. (0x3)
[1011/145222.615:ERROR:filesystem_win.cc(129)] GetFileAttributes C:\Users\00103098\AppData\Local\Google\Chrome\User Data\Crashpad\attachments\1fd89ee2-26fe-40ab-a9a5-7bda0706c5cb: The system cannot find the path specified. (0x3)
[1011/145222.620:ERROR:filesystem_win.cc(129)] GetFileAttributes C:\Users\00103098\AppData\Local\Google\Chrome\User Data\Crashpad\attachments\cac5ca06-4d65-445e-8843-9b746223831d: The system cannot find the path specified. (0x3)
[1011/145222.626:ERROR:filesystem_win.cc(129)] GetFileAttributes C:\Users\00103098\AppData\Local\Google\Chrome\User Data\Crashpad\attachments\e5f7726e-423a-4431-8e9b-f7c4bf631b5c: The system cannot find the path specified. (0x3)
[1011/145222.632:ERROR:filesystem_win.cc(129)] GetFileAttributes C:\Users\00103098\AppData\Local\Google\Chrome\User Data\Crashpad\attachments\12f450b1-7e07-46a4-9aff-461402e4ad2f: The system cannot find the path specified. (0x3)
[1011/145222.637:ERROR:filesystem_win.cc(129)] GetFileAttributes C:\Users\00103098\AppData\Local\Google\Chrome\User Data\Crashpad\attachments\537a9732-c087-42d8-beeb-53948ffe2089: The system cannot find the path specified. (0x3)
[1011/145222.642:ERROR:filesystem_win.cc(129)] GetFileAttributes C:\Users\00103098\AppData\Local\Google\Chrome\User Data\Crashpad\attachments\695aec17-7b7c-489c-aa01-8fa5c9f4c28f: The system cannot find the path specified. (0x3)
[1011/145222.649:ERROR:filesystem_win.cc(129)] GetFileAttributes C:\Users\00103098\AppData\Local\Google\Chrome\User Data\Crashpad\attachments\b4cee5d5-4d42-48b1-b0c8-67fe9b831cc1: The system cannot find the path specified. (0x3)
[1011/145222.654:ERROR:filesystem_win.cc(129)] GetFileAttributes C:\Users\00103098\AppData\Local\Google\Chrome\User Data\Crashpad\attachments\123e31bf-9256-4a19-bcfe-9638dae76f3d: The system cannot find the path specified. (0x3)
[1011/145222.661:ERROR:filesystem_win.cc(129)] GetFileAttributes C:\Users\00103098\AppData\Local\Google\Chrome\User Data\Crashpad\attachments\86d10e03-6d4d-4398-b19a-9dc8a8a959d0: The system cannot find the path specified. (0x3)
[1011/145222.666:ERROR:filesystem_win.cc(129)] GetFileAttributes C:\Users\00103098\AppData\Local\Google\Chrome\User Data\Crashpad\attachments\e6d5d16f-0919-4d86-9ae4-98397b03c92b: The system cannot find the path specified. (0x3)
[1011/145222.671:ERROR:filesystem_win.cc(129)] GetFileAttributes C:\Users\00103098\AppData\Local\Google\Chrome\User Data\Crashpad\attachments\24a2a8fb-4c46-4647-b093-55613407db74: The system cannot find the path specified. (0x3)
[1011/145222.677:ERROR:filesystem_win.cc(129)] GetFileAttributes C:\Users\00103098\AppData\Local\Google\Chrome\User Data\Crashpad\attachments\d2fe9bf9-0e97-4c6d-912b-1c38aa2db24b: The system cannot find the path specified. (0x3)
[1011/145222.682:ERROR:filesystem_win.cc(129)] GetFileAttributes C:\Users\00103098\AppData\Local\Google\Chrome\User Data\Crashpad\attachments\2d9e2851-9560-4d13-b011-b99ad55fb16b: The system cannot find the path specified. (0x3)
[1011/145222.687:ERROR:filesystem_win.cc(129)] GetFileAttributes C:\Users\00103098\AppData\Local\Google\Chrome\User Data\Crashpad\attachments\f6bd70ca-f6c1-41da-9759-e7332af9a89f: The system cannot find the path specified. (0x3)
[1011/145222.692:ERROR:filesystem_win.cc(129)] GetFileAttributes C:\Users\00103098\AppData\Local\Google\Chrome\User Data\Crashpad\attachments\3702ebff-eec2-4f40-b467-8ddeeb230a30: The system cannot find the path specified. (0x3)
[1011/145222.698:ERROR:filesystem_win.cc(129)] GetFileAttributes C:\Users\00103098\AppData\Local\Google\Chrome\User Data\Crashpad\attachments\cf4dc279-7e86-4859-9add-8b4b46780a42: The system cannot find the path specified. (0x3)
[1011/145222.703:ERROR:filesystem_win.cc(129)] GetFileAttributes C:\Users\00103098\AppData\Local\Google\Chrome\User Data\Crashpad\attachments\2b1454a6-bedd-4b86-a120-68675dfcbc0a: The system cannot find the path specified. (0x3)
[1011/145222.709:ERROR:filesystem_win.cc(129)] GetFileAttributes C:\Users\00103098\AppData\Local\Google\Chrome\User Data\Crashpad\attachments\250c4c74-9305-465f-b8f3-f1f1f491e72e: The system cannot find the path specified. (0x3)
[1011/145222.715:ERROR:filesystem_win.cc(129)] GetFileAttributes C:\Users\00103098\AppData\Local\Google\Chrome\User Data\Crashpad\attachments\ce4f4201-d342-4af8-8085-b402fd31c883: The system cannot find the path specified. (0x3)
[1011/145222.720:ERROR:filesystem_win.cc(129)] GetFileAttributes C:\Users\00103098\AppData\Local\Google\Chrome\User Data\Crashpad\attachments\d86c345e-a24c-4e75-b4b0-55290c3e341c: The system cannot find the path specified. (0x3)
[1011/145222.725:ERROR:filesystem_win.cc(129)] GetFileAttributes C:\Users\00103098\AppData\Local\Google\Chrome\User Data\Crashpad\attachments\b688376f-6485-4ade-959d-3d77d1cd0c80: The system cannot find the path specified. (0x3)
[1011/145222.729:ERROR:filesystem_win.cc(129)] GetFileAttributes C:\Users\00103098\AppData\Local\Google\Chrome\User Data\Crashpad\attachments\25760cbc-29d5-4bb7-a280-620172e1cd4c: The system cannot find the path specified. (0x3)
[1011/145222.734:ERROR:filesystem_win.cc(129)] GetFileAttributes C:\Users\00103098\AppData\Local\Google\Chrome\User Data\Crashpad\attachments\ba7d12ae-f5f4-4afc-9020-f8aa369c4958: The system cannot find the path specified. (0x3)
[1011/145222.739:ERROR:filesystem_win.cc(129)] GetFileAttributes C:\Users\00103098\AppData\Local\Google\Chrome\User Data\Crashpad\attachments\fe483301-21a1-4b94-8e74-ee0439a8f2e1: The system cannot find the path specified. (0x3)
[1011/145222.744:ERROR:filesystem_win.cc(129)] GetFileAttributes C:\Users\00103098\AppData\Local\Google\Chrome\User Data\Crashpad\attachments\cfd7b707-5120-49c1-9e5e-de470c4a9a5f: The system cannot find the path specified. (0x3)
[1011/145222.749:ERROR:filesystem_win.cc(129)] GetFileAttributes C:\Users\00103098\AppData\Local\Google\Chrome\User Data\Crashpad\attachments\ba629837-17be-4352-8bee-945e00da11d2: The system cannot find the path specified. (0x3)
[1011/145222.754:ERROR:filesystem_win.cc(129)] GetFileAttributes C:\Users\00103098\AppData\Local\Google\Chrome\User Data\Crashpad\attachments\ced18c74-ee63-4520-b8e4-84c3e71a5b84: The system cannot find the path specified. (0x3)
[1011/145222.760:ERROR:filesystem_win.cc(129)] GetFileAttributes C:\Users\00103098\AppData\Local\Google\Chrome\User Data\Crashpad\attachments\16b5775a-9f1f-4339-9cae-ec5ffd434064: The system cannot find the path specified. (0x3)
[1011/145222.764:ERROR:filesystem_win.cc(129)] GetFileAttributes C:\Users\00103098\AppData\Local\Google\Chrome\User Data\Crashpad\attachments\60180bf6-4b87-4724-b22c-852fae571d19: The system cannot find the path specified. (0x3)
[1011/145222.769:ERROR:filesystem_win.cc(129)] GetFileAttributes C:\Users\00103098\AppData\Local\Google\Chrome\User Data\Crashpad\attachments\ccb77f6b-2a1a-4e8b-892e-54c5c5f73dff: The system cannot find the path specified. (0x3)
[1011/145222.773:ERROR:filesystem_win.cc(129)] GetFileAttributes C:\Users\00103098\AppData\Local\Google\Chrome\User Data\Crashpad\attachments\80e5cf46-7b59-4737-b6c8-6f4bfdad6a95: The system cannot find the path specified. (0x3)
[1011/145222.777:ERROR:filesystem_win.cc(129)] GetFileAttributes C:\Users\00103098\AppData\Local\Google\Chrome\User Data\Crashpad\attachments\08761e4b-5040-45b8-b56e-0629cd5eb2d0: The system cannot find the path specified. (0x3)
[1011/145222.780:ERROR:filesystem_win.cc(129)] GetFileAttributes C:\Users\00103098\AppData\Local\Google\Chrome\User Data\Crashpad\attachments\65a58b5a-6bb1-49a0-968e-dcdf896e8154: The system cannot find the path specified. (0x3)
[1011/145222.788:ERROR:filesystem_win.cc(129)] GetFileAttributes C:\Users\00103098\AppData\Local\Google\Chrome\User Data\Crashpad\attachments\5d3c3286-647c-488b-9076-ff6286b604b2: The system cannot find the path specified. (0x3)
[1012/145223.005:ERROR:directory_reader_win.cc(43)] FindFirstFile: The system cannot find the path specified. (0x3)
[1013/141250.718:ERROR:directory_reader_win.cc(43)] FindFirstFile: The system cannot find the path specified. (0x3)
[1013/141250.749:ERROR:filesystem_win.cc(129)] GetFileAttributes C:\Users\00103098\AppData\Local\Google\Chrome\User Data\Crashpad\attachments\68a9edf6-bbd4-44e8-b86a-290d0c5ec73e: The system cannot find the path specified. (0x3)
[1013/141250.763:ERROR:filesystem_win.cc(129)] GetFileAttributes C:\Users\00103098\AppData\Local\Google\Chrome\User Data\Crashpad\attachments\f223c3d2-fbd2-4545-bcc7-e058d5898f5c: The system cannot find the path specified. (0x3)
[1013/141250.773:ERROR:filesystem_win.cc(129)] GetFileAttributes C:\Users\00103098\AppData\Local\Google\Chrome\User Data\Crashpad\attachments\a989e73a-bd86-42db-8d0b-5b23a3f8738b: The system cannot find the path specified. (0x3)
[1013/141250.784:ERROR:filesystem_win.cc(129)] GetFileAttributes C:\Users\00103098\AppData\Local\Google\Chrome\User Data\Crashpad\attachments\6506f9d9-1a29-4994-b30f-46a917072a89: The system cannot find the path specified. (0x3)
[1013/141250.794:ERROR:filesystem_win.cc(129)] GetFileAttributes C:\Users\00103098\AppData\Local\Google\Chrome\User Data\Crashpad\attachments\6d0e6acf-b731-4b16-9928-f5c8c1d2d050: The system cannot find the path specified. (0x3)
[1013/141250.804:ERROR:filesystem_win.cc(129)] GetFileAttributes C:\Users\00103098\AppData\Local\Google\Chrome\User Data\Crashpad\attachments\7aa48fa8-6f14-4224-bb48-e9b3b003b90f: The system cannot find the path specified. (0x3)
[1013/141250.816:ERROR:filesystem_win.cc(129)] GetFileAttributes C:\Users\00103098\AppData\Local\Google\Chrome\User Data\Crashpad\attachments\df1cb392-bea6-45f2-a56a-9cef7a4a49f9: The system cannot find the path specified. (0x3)
[1013/141250.826:ERROR:filesystem_win.cc(129)] GetFileAttributes C:\Users\00103098\AppData\Local\Google\Chrome\User Data\Crashpad\attachments\63140a38-869e-4435-9830-2e11bb217cfa: The system cannot find the path specified. (0x3)
[1013/141250.837:ERROR:filesystem_win.cc(129)] GetFileAttributes C:\Users\00103098\AppData\Local\Google\Chrome\User Data\Crashpad\attachments\7a60de98-1d95-41b7-bbb2-80576c714cb8: The system cannot find the path specified. (0x3)
[1013/141250.846:ERROR:filesystem_win.cc(129)] GetFileAttributes C:\Users\00103098\AppData\Local\Google\Chrome\User Data\Crashpad\attachments\4f2bb3e0-2eae-4235-bdb9-a5798aefe4f6: The system cannot find the path specified. (0x3)
[1013/141250.855:ERROR:filesystem_win.cc(129)] GetFileAttributes C:\Users\00103098\AppData\Local\Google\Chrome\User Data\Crashpad\attachments\9ebeba80-aec6-4f79-b976-d73d3c1b87ab: The system cannot find the path specified. (0x3)
[1013/141250.865:ERROR:filesystem_win.cc(129)] GetFileAttributes C:\Users\00103098\AppData\Local\Google\Chrome\User Data\Crashpad\attachments\0abd73dd-f44d-4db9-bc2e-a6976e7670c2: The system cannot find the path specified. (0x3)
[1013/141250.874:ERROR:filesystem_win.cc(129)] GetFileAttributes C:\Users\00103098\AppData\Local\Google\Chrome\User Data\Crashpad\attachments\0c6b4cc8-0eac-4be1-a9b9-6c6b47b0dad8: The system cannot find the path specified. (0x3)
[1013/141250.883:ERROR:filesystem_win.cc(129)] GetFileAttributes C:\Users\00103098\AppData\Local\Google\Chrome\User Data\Crashpad\attachments\471904a0-cc9d-4dec-b5c1-2beaab677726: The system cannot find the path specified. (0x3)
[1013/141250.893:ERROR:filesystem_win.cc(129)] GetFileAttributes C:\Users\00103098\AppData\Local\Google\Chrome\User Data\Crashpad\attachments\7efb72e1-8fee-4c9e-8fef-dfbbc7438a0d: The system cannot find the path specified. (0x3)
[1013/141250.903:ERROR:filesystem_win.cc(129)] GetFileAttributes C:\Users\00103098\AppData\Local\Google\Chrome\User Data\Crashpad\attachments\a5fc055f-778a-4e09-9a57-2df9c930a875: The system cannot find the path specified. (0x3)
[1013/141250.912:ERROR:filesystem_win.cc(129)] GetFileAttributes C:\Users\00103098\AppData\Local\Google\Chrome\User Data\Crashpad\attachments\6e16d2d5-04da-4942-a628-3cb2493922a5: The system cannot find the path specified. (0x3)
[1013/141250.922:ERROR:filesystem_win.cc(129)] GetFileAttributes C:\Users\00103098\AppData\Local\Google\Chrome\User Data\Crashpad\attachments\1dbb14c1-902e-4f23-b820-0fafa85f5e9b: The system cannot find the path specified. (0x3)
[1013/141250.930:ERROR:filesystem_win.cc(129)] GetFileAttributes C:\Users\00103098\AppData\Local\Google\Chrome\User Data\Crashpad\attachments\2cfcd535-e701-43bc-9f5a-53c3904444b0: The system cannot find the path specified. (0x3)
[1013/141250.939:ERROR:filesystem_win.cc(129)] GetFileAttributes C:\Users\00103098\AppData\Local\Google\Chrome\User Data\Crashpad\attachments\d2c0da13-ea2c-4836-937e-2d544bff93b0: The system cannot find the path specified. (0x3)
[1013/141250.949:ERROR:filesystem_win.cc(129)] GetFileAttributes C:\Users\00103098\AppData\Local\Google\Chrome\User Data\Crashpad\attachments\7e8ef645-2c85-4fe7-9aa1-2c094577f586: The system cannot find the path specified. (0x3)
[1013/141250.958:ERROR:filesystem_win.cc(129)] GetFileAttributes C:\Users\00103098\AppData\Local\Google\Chrome\User Data\Crashpad\attachments\a2d80ae5-e2c3-45e7-ab6f-95d0f6dacbe1: The system cannot find the path specified. (0x3)
[1013/141250.967:ERROR:filesystem_win.cc(129)] GetFileAttributes C:\Users\00103098\AppData\Local\Google\Chrome\User Data\Crashpad\attachments\4200c032-ba79-4344-bb50-03698fddbdf4: The system cannot find the path specified. (0x3)
[1013/141250.976:ERROR:filesystem_win.cc(129)] GetFileAttributes C:\Users\00103098\AppData\Local\Google\Chrome\User Data\Crashpad\attachments\0c6636fc-1013-4dff-9541-b795231c8691: The system cannot find the path specified. (0x3)
[1013/141250.985:ERROR:filesystem_win.cc(129)] GetFileAttributes C:\Users\00103098\AppData\Local\Google\Chrome\User Data\Crashpad\attachments\f68f372a-3497-433c-9faa-3e14c228cb85: The system cannot find the path specified. (0x3)
[1013/141250.994:ERROR:filesystem_win.cc(129)] GetFileAttributes C:\Users\00103098\AppData\Local\Google\Chrome\User Data\Crashpad\attachments\23baea22-7304-47f9-9383-14c1484108a0: The system cannot find the path specified. (0x3)
[1013/141251.002:ERROR:filesystem_win.cc(129)] GetFileAttributes C:\Users\00103098\AppData\Local\Google\Chrome\User Data\Crashpad\attachments\b165fcd2-dbef-4394-8355-4ca9aa0dbd41: The system cannot find the path specified. (0x3)
[1013/141251.011:ERROR:filesystem_win.cc(129)] GetFileAttributes C:\Users\00103098\AppData\Local\Google\Chrome\User Data\Crashpad\attachments\7a84eaed-1925-4938-9f77-aa0bfdcc1938: The system cannot find the path specified. (0x3)
[1013/141251.020:ERROR:filesystem_win.cc(129)] GetFileAttributes C:\Users\00103098\AppData\Local\Google\Chrome\User Data\Crashpad\attachments\4bf3b657-d065-4848-96c8-2cc144d78c41: The system cannot find the path specified. (0x3)
[1013/141251.029:ERROR:filesystem_win.cc(129)] GetFileAttributes C:\Users\00103098\AppData\Local\Google\Chrome\User Data\Crashpad\attachments\f6cc013e-e0b0-4ff2-85e7-534a5756a20e: The system cannot find the path specified. (0x3)
[1013/141251.037:ERROR:filesystem_win.cc(129)] GetFileAttributes C:\Users\00103098\AppData\Local\Google\Chrome\User Data\Crashpad\attachments\22fb2fe5-322d-4d28-991d-9600a619c198: The system cannot find the path specified. (0x3)
[1013/141251.046:ERROR:filesystem_win.cc(129)] GetFileAttributes C:\Users\00103098\AppData\Local\Google\Chrome\User Data\Crashpad\attachments\fda82c80-98dc-42ad-8e6a-38d2df27b1e8: The system cannot find the path specified. (0x3)
[1013/141251.055:ERROR:filesystem_win.cc(129)] GetFileAttributes C:\Users\00103098\AppData\Local\Google\Chrome\User Data\Crashpad\attachments\5bce4aa8-8863-4d84-8286-8c1628cbc546: The system cannot find the path specified. (0x3)
[1013/141251.064:ERROR:filesystem_win.cc(129)] GetFileAttributes C:\Users\00103098\AppData\Local\Google\Chrome\User Data\Crashpad\attachments\2ad5d451-69b5-4abb-939a-c618189f2ebd: The system cannot find the path specified. (0x3)
[1013/141251.072:ERROR:filesystem_win.cc(129)] GetFileAttributes C:\Users\00103098\AppData\Local\Google\Chrome\User Data\Crashpad\attachments\3a9a3a50-6e3a-4cb1-a19f-91f041388a1d: The system cannot find the path specified. (0x3)
[1013/141251.080:ERROR:filesystem_win.cc(129)] GetFileAttributes C:\Users\00103098\AppData\Local\Google\Chrome\User Data\Crashpad\attachments\d38c799e-46e5-4209-a323-bfc48c0d3551: The system cannot find the path specified. (0x3)
[1013/141251.087:ERROR:filesystem_win.cc(129)] GetFileAttributes C:\Users\00103098\AppData\Local\Google\Chrome\User Data\Crashpad\attachments\7c76439f-dab7-488a-89c2-6f36049fd5da: The system cannot find the path specified. (0x3)
[1013/141251.098:ERROR:filesystem_win.cc(129)] GetFileAttributes C:\Users\00103098\AppData\Local\Google\Chrome\User Data\Crashpad\attachments\e6d17eb0-f50f-4638-ad32-e4e6040add25: The system cannot find the path specified. (0x3)
[1013/141251.106:ERROR:filesystem_win.cc(129)] GetFileAttributes C:\Users\00103098\AppData\Local\Google\Chrome\User Data\Crashpad\attachments\e09590bd-5d03-4e9c-b2c9-bcab1fef3597: The system cannot find the path specified. (0x3)
[1013/141251.115:ERROR:filesystem_win.cc(129)] GetFileAttributes C:\Users\00103098\AppData\Local\Google\Chrome\User Data\Crashpad\attachments\aa9496ed-5690-4999-858a-aa16507dc388: The system cannot find the path specified. (0x3)
[1013/141251.123:ERROR:filesystem_win.cc(129)] GetFileAttributes C:\Users\00103098\AppData\Local\Google\Chrome\User Data\Crashpad\attachments\2a041f4f-6fb4-45a7-9414-eb9a48c3c09c: The system cannot find the path specified. (0x3)
[1013/141251.132:ERROR:filesystem_win.cc(129)] GetFileAttributes C:\Users\00103098\AppData\Local\Google\Chrome\User Data\Crashpad\attachments\eb4034d6-10fe-4a0e-8d14-fc3249bbe5bb: The system cannot find the path specified. (0x3)
[1013/141251.140:ERROR:filesystem_win.cc(129)] GetFileAttributes C:\Users\00103098\AppData\Local\Google\Chrome\User Data\Crashpad\attachments\00263d92-2ab0-466f-95a5-356d85652f25: The system cannot find the path specified. (0x3)
[1013/141251.149:ERROR:filesystem_win.cc(129)] GetFileAttributes C:\Users\00103098\AppData\Local\Google\Chrome\User Data\Crashpad\attachments\befdab24-6ecd-4718-a2f0-e6467f51ca6b: The system cannot find the path specified. (0x3)
[1013/141251.158:ERROR:filesystem_win.cc(129)] GetFileAttributes C:\Users\00103098\AppData\Local\Google\Chrome\User Data\Crashpad\attachments\03b6a067-e06b-4c5b-acb9-69b76fd7e7b7: The system cannot find the path specified. (0x3)
[1013/141251.168:ERROR:filesystem_win.cc(129)] GetFileAttributes C:\Users\00103098\AppData\Local\Google\Chrome\User Data\Crashpad\attachments\b1b37295-b3ce-4995-9a7c-24e6cdc8dc87: The system cannot find the path specified. (0x3)
[1013/141251.176:ERROR:filesystem_win.cc(129)] GetFileAttributes C:\Users\00103098\AppData\Local\Google\Chrome\User Data\Crashpad\attachments\3c21893f-5ecd-472d-8b8a-1652ade779a4: The system cannot find the path specified. (0x3)
[1013/141251.185:ERROR:filesystem_win.cc(129)] GetFileAttributes C:\Users\00103098\AppData\Local\Google\Chrome\User Data\Crashpad\attachments\bcd9eaf0-a892-42c0-9294-b8a3180055da: The system cannot find the path specified. (0x3)
[1013/141251.192:ERROR:filesystem_win.cc(129)] GetFileAttributes C:\Users\00103098\AppData\Local\Google\Chrome\User Data\Crashpad\attachments\d4d12b10-23b4-44df-9b25-a2304a037a31: The system cannot find the path specified. (0x3)
[1013/141251.200:ERROR:filesystem_win.cc(129)] GetFileAttributes C:\Users\00103098\AppData\Local\Google\Chrome\User Data\Crashpad\attachments\4d594c74-506a-43c2-8b1d-14fc131b26bd: The system cannot find the path specified. (0x3)
[1013/141251.208:ERROR:filesystem_win.cc(129)] GetFileAttributes C:\Users\00103098\AppData\Local\Google\Chrome\User Data\Crashpad\attachments\27caa12e-d33c-4619-871c-a704fff4bf20: The system cannot find the path specified. (0x3)
[1013/141251.216:ERROR:filesystem_win.cc(129)] GetFileAttributes C:\Users\00103098\AppData\Local\Google\Chrome\User Data\Crashpad\attachments\2994d737-364e-450f-a77d-124803bc63a5: The system cannot find the path specified. (0x3)
[1013/141251.224:ERROR:filesystem_win.cc(129)] GetFileAttributes C:\Users\00103098\AppData\Local\Google\Chrome\User Data\Crashpad\attachments\d9b8d104-2203-412c-9701-283381ba0da0: The system cannot find the path specified. (0x3)
[1013/141251.233:ERROR:filesystem_win.cc(129)] GetFileAttributes C:\Users\00103098\AppData\Local\Google\Chrome\User Data\Crashpad\attachments\fc7b880c-c561-4cb2-87f3-045475b5a02d: The system cannot find the path specified. (0x3)
[1013/141251.240:ERROR:filesystem_win.cc(129)] GetFileAttributes C:\Users\00103098\AppData\Local\Google\Chrome\User Data\Crashpad\attachments\a0ea945e-9c93-4da0-a1c8-c71bf1009442: The system cannot find the path specified. (0x3)
[1013/141251.250:ERROR:filesystem_win.cc(129)] GetFileAttributes C:\Users\00103098\AppData\Local\Google\Chrome\User Data\Crashpad\attachments\7b3ad9b1-2fac-4581-ae7f-4ebc8cca9120: The system cannot find the path specified. (0x3)
[1013/141251.259:ERROR:filesystem_win.cc(129)] GetFileAttributes C:\Users\00103098\AppData\Local\Google\Chrome\User Data\Crashpad\attachments\c3ae00c7-e524-41fe-8826-6a03b2023d10: The system cannot find the path specified. (0x3)
[1013/141251.267:ERROR:filesystem_win.cc(129)] GetFileAttributes C:\Users\00103098\AppData\Local\Google\Chrome\User Data\Crashpad\attachments\18d8a8ad-e5d2-4f32-830c-f92424875eaa: The system cannot find the path specified. (0x3)
[1013/141251.273:ERROR:filesystem_win.cc(129)] GetFileAttributes C:\Users\00103098\AppData\Local\Google\Chrome\User Data\Crashpad\attachments\f26346b5-f546-4f32-b849-c90001f5c3fe: The system cannot find the path specified. (0x3)
[1013/141251.281:ERROR:filesystem_win.cc(129)] GetFileAttributes C:\Users\00103098\AppData\Local\Google\Chrome\User Data\Crashpad\attachments\2bedf430-6206-490a-9144-d1a06dfe08ec: The system cannot find the path specified. (0x3)
[1013/141251.288:ERROR:filesystem_win.cc(129)] GetFileAttributes C:\Users\00103098\AppData\Local\Google\Chrome\User Data\Crashpad\attachments\fc071676-8ab0-436a-af9f-1c89509a7cfa: The system cannot find the path specified. (0x3)
[1013/141251.297:ERROR:filesystem_win.cc(129)] GetFileAttributes C:\Users\00103098\AppData\Local\Google\Chrome\User Data\Crashpad\attachments\e5ef9714-0595-4261-be12-22b93af97d5f: The system cannot find the path specified. (0x3)
[1013/141251.304:ERROR:filesystem_win.cc(129)] GetFileAttributes C:\Users\00103098\AppData\Local\Google\Chrome\User Data\Crashpad\attachments\bb92a609-4283-4c58-b186-a0e7c2b558b9: The system cannot find the path specified. (0x3)
[1013/141251.312:ERROR:filesystem_win.cc(129)] GetFileAttributes C:\Users\00103098\AppData\Local\Google\Chrome\User Data\Crashpad\attachments\09c53453-31c1-4bf4-a785-a416659521d2: The system cannot find the path specified. (0x3)
[1013/141251.322:ERROR:filesystem_win.cc(129)] GetFileAttributes C:\Users\00103098\AppData\Local\Google\Chrome\User Data\Crashpad\attachments\f997a979-cd09-4141-82a8-379296f164df: The system cannot find the path specified. (0x3)
[1013/141251.329:ERROR:filesystem_win.cc(129)] GetFileAttributes C:\Users\00103098\AppData\Local\Google\Chrome\User Data\Crashpad\attachments\a2f454a4-00ca-4211-98e3-4ce4173f3a75: The system cannot find the path specified. (0x3)
[1013/141251.338:ERROR:filesystem_win.cc(129)] GetFileAttributes C:\Users\00103098\AppData\Local\Google\Chrome\User Data\Crashpad\attachments\d47c00b7-a5c1-48d0-98bf-8c3c2fc2bcc9: The system cannot find the path specified. (0x3)
[1013/141251.348:ERROR:filesystem_win.cc(129)] GetFileAttributes C:\Users\00103098\AppData\Local\Google\Chrome\User Data\Crashpad\attachments\555bad04-68b0-4b81-8599-62a8ddffc93d: The system cannot find the path specified. (0x3)
[1013/141251.355:ERROR:filesystem_win.cc(129)] GetFileAttributes C:\Users\00103098\AppData\Local\Google\Chrome\User Data\Crashpad\attachments\8941195d-cb02-4f24-a5ea-fde614260aa7: The system cannot find the path specified. (0x3)
[1013/141251.363:ERROR:filesystem_win.cc(129)] GetFileAttributes C:\Users\00103098\AppData\Local\Google\Chrome\User Data\Crashpad\attachments\52169faf-8cc6-4160-a79c-4e3782a57349: The system cannot find the path specified. (0x3)
[1013/141251.372:ERROR:filesystem_win.cc(129)] GetFileAttributes C:\Users\00103098\AppData\Local\Google\Chrome\User Data\Crashpad\attachments\ac166e72-70fb-49db-a1c2-c6201013adaa: The system cannot find the path specified. (0x3)
[1013/141251.380:ERROR:filesystem_win.cc(129)] GetFileAttributes C:\Users\00103098\AppData\Local\Google\Chrome\User Data\Crashpad\attachments\76b26b8c-0cbc-475d-b10f-18409d440170: The system cannot find the path specified. (0x3)
[1013/141251.389:ERROR:filesystem_win.cc(129)] GetFileAttributes C:\Users\00103098\AppData\Local\Google\Chrome\User Data\Crashpad\attachments\291a6ee2-f6bb-48de-b903-516ab862319e: The system cannot find the path specified. (0x3)
[1013/141251.396:ERROR:filesystem_win.cc(129)] GetFileAttributes C:\Users\00103098\AppData\Local\Google\Chrome\User Data\Crashpad\attachments\30f993be-1892-4849-bd5f-72487d22004a: The system cannot find the path specified. (0x3)
[1013/141251.404:ERROR:filesystem_win.cc(129)] GetFileAttributes C:\Users\00103098\AppData\Local\Google\Chrome\User Data\Crashpad\attachments\ac2b549d-6c60-4d8f-9632-b39bc86fdfb8: The system cannot find the path specified. (0x3)
[1013/141251.411:ERROR:filesystem_win.cc(129)] GetFileAttributes C:\Users\00103098\AppData\Local\Google\Chrome\User Data\Crashpad\attachments\d007bb6e-82f3-478b-8cb8-6ff61285882c: The system cannot find the path specified. (0x3)
[1013/141251.419:ERROR:filesystem_win.cc(129)] GetFileAttributes C:\Users\00103098\AppData\Local\Google\Chrome\User Data\Crashpad\attachments\6616a4c6-e748-4dda-b78e-3a930b8cb41c: The system cannot find the path specified. (0x3)
[1013/141251.425:ERROR:filesystem_win.cc(129)] GetFileAttributes C:\Users\00103098\AppData\Local\Google\Chrome\User Data\Crashpad\attachments\3833bb80-38b6-4500-9036-e820bbd49cc7: The system cannot find the path specified. (0x3)
[1013/141251.433:ERROR:filesystem_win.cc(129)] GetFileAttributes C:\Users\00103098\AppData\Local\Google\Chrome\User Data\Crashpad\attachments\ce5e1e6b-d9dd-4fd5-91c4-bae896f1053c: The system cannot find the path specified. (0x3)
[1013/141251.440:ERROR:filesystem_win.cc(129)] GetFileAttributes C:\Users\00103098\AppData\Local\Google\Chrome\User Data\Crashpad\attachments\b633f99b-53be-43b1-b696-b4c2ec87fd64: The system cannot find the path specified. (0x3)
[1013/141251.448:ERROR:filesystem_win.cc(129)] GetFileAttributes C:\Users\00103098\AppData\Local\Google\Chrome\User Data\Crashpad\attachments\8e6bfec7-c64a-40c6-b26b-04f9a717edb9: The system cannot find the path specified. (0x3)
[1013/141251.456:ERROR:filesystem_win.cc(129)] GetFileAttributes C:\Users\00103098\AppData\Local\Google\Chrome\User Data\Crashpad\attachments\25184014-a36e-4c97-be6d-d09b03f6ee82: The system cannot find the path specified. (0x3)
[1013/162313.170:ERROR:directory_reader_win.cc(43)] FindFirstFile: The system cannot find the path specified. (0x3)
[1015/142443.040:ERROR:directory_reader_win.cc(43)] FindFirstFile: The system cannot find the path specified. (0x3)
[1016/143330.274:ERROR:directory_reader_win.cc(43)] FindFirstFile: The system cannot find the path specified. (0x3)
[1017/143330.473:ERROR:directory_reader_win.cc(43)] FindFirstFile: The system cannot find the path specified. (0x3)
[1018/143330.642:ERROR:directory_reader_win.cc(43)] FindFirstFile: The system cannot find the path specified. (0x3)
[1019/154444.324:ERROR:directory_reader_win.cc(43)] FindFirstFile: The system cannot find the path specified. (0x3)
[1020/154444.771:ERROR:directory_reader_win.cc(43)] FindFirstFile: The system cannot find the path specified. (0x3)
[1021/154445.210:ERROR:directory_reader_win.cc(43)] FindFirstFile: The system cannot find the path specified. (0x3)
[1024/170909.947:ERROR:directory_reader_win.cc(43)] FindFirstFile: The system cannot find the path specified. (0x3)
[1025/170910.212:ERROR:directory_reader_win.cc(43)] FindFirstFile: The system cannot find the path specified. (0x3)
[1101/022545.865:ERROR:directory_reader_win.cc(43)] FindFirstFile: The system cannot find the path specified. (0x3)
[1102/022546.119:ERROR:directory_reader_win.cc(43)] FindFirstFile: The system cannot find the path specified. (0x3)
[1103/032650.347:ERROR:directory_reader_win.cc(43)] FindFirstFile: The system cannot find the path specified. (0x3)
[1104/042006.887:ERROR:directory_reader_win.cc(43)] FindFirstFile: The system cannot find the path specified. (0x3)
[1105/042007.159:ERROR:directory_reader_win.cc(43)] FindFirstFile: The system cannot find the path specified. (0x3)
[1105/112130.429:ERROR:directory_reader_win.cc(43)] FindFirstFile: The system cannot find the path specified. (0x3)
